0 info it worked if it ends with ok
1 verbose cli [ 'node', '/usr/local/bin/npm', 'install', 'passeport', '--save' ]
2 info using npm@1.4.28
3 info using node@v0.10.33
4 verbose readDependencies using package.json deps
5 verbose cache add [ 'passeport', null ]
6 verbose cache add name=undefined spec="passeport" args=["passeport",null]
7 verbose parsed url { protocol: null,
7 verbose parsed url   slashes: null,
7 verbose parsed url   auth: null,
7 verbose parsed url   host: null,
7 verbose parsed url   port: null,
7 verbose parsed url   hostname: null,
7 verbose parsed url   hash: null,
7 verbose parsed url   search: null,
7 verbose parsed url   query: null,
7 verbose parsed url   pathname: 'passeport',
7 verbose parsed url   path: 'passeport',
7 verbose parsed url   href: 'passeport' }
8 silly lockFile 3ff3f9d4-passeport passeport
9 verbose lock passeport /Users/gabriel/.npm/3ff3f9d4-passeport.lock
10 silly lockFile 3ff3f9d4-passeport passeport
11 silly lockFile 3ff3f9d4-passeport passeport
12 verbose addNamed [ 'passeport', '' ]
13 verbose addNamed [ null, '*' ]
14 silly lockFile e0309468-passeport passeport@
15 verbose lock passeport@ /Users/gabriel/.npm/e0309468-passeport.lock
16 silly addNameRange { name: 'passeport', range: '*', hasData: false }
17 verbose request where is /passeport
18 verbose request registry https://registry.npmjs.org/
19 verbose request id 3191e7da1e6f738f
20 verbose url raw /passeport
21 verbose url resolving [ 'https://registry.npmjs.org/', './passeport' ]
22 verbose url resolved https://registry.npmjs.org/passeport
23 verbose request where is https://registry.npmjs.org/passeport
24 info trying registry request attempt 1 at 15:12:57
25 http GET https://registry.npmjs.org/passeport
26 http 404 https://registry.npmjs.org/passeport
27 verbose headers { date: 'Thu, 26 Mar 2015 19:12:57 GMT',
27 verbose headers   server: 'CouchDB/1.5.0 (Erlang OTP/R16B03)',
27 verbose headers   'content-type': 'application/json',
27 verbose headers   'cache-control': 'max-age=0',
27 verbose headers   'content-length': '51',
27 verbose headers   'accept-ranges': 'bytes',
27 verbose headers   via: '1.1 varnish',
27 verbose headers   age: '0',
27 verbose headers   'x-served-by': 'cache-iad2132-IAD',
27 verbose headers   'x-cache': 'MISS',
27 verbose headers   'x-cache-hits': '0',
27 verbose headers   'x-timer': 'S1427397177.935787,VS0,VE15',
27 verbose headers   'keep-alive': 'timeout=10, max=50',
27 verbose headers   connection: 'Keep-Alive' }
28 silly registry.get cb [ 404,
28 silly registry.get   { date: 'Thu, 26 Mar 2015 19:12:57 GMT',
28 silly registry.get     server: 'CouchDB/1.5.0 (Erlang OTP/R16B03)',
28 silly registry.get     'content-type': 'application/json',
28 silly registry.get     'cache-control': 'max-age=0',
28 silly registry.get     'content-length': '51',
28 silly registry.get     'accept-ranges': 'bytes',
28 silly registry.get     via: '1.1 varnish',
28 silly registry.get     age: '0',
28 silly registry.get     'x-served-by': 'cache-iad2132-IAD',
28 silly registry.get     'x-cache': 'MISS',
28 silly registry.get     'x-cache-hits': '0',
28 silly registry.get     'x-timer': 'S1427397177.935787,VS0,VE15',
28 silly registry.get     'keep-alive': 'timeout=10, max=50',
28 silly registry.get     connection: 'Keep-Alive' } ]
29 silly lockFile e0309468-passeport passeport@
30 silly lockFile e0309468-passeport passeport@
31 error 404 404 Not Found: passeport
31 error 404
31 error 404 'passeport' is not in the npm registry.
31 error 404 You should bug the author to publish it
31 error 404 It was specified as a dependency of 'tfa'
31 error 404
31 error 404 Note that you can also install from a
31 error 404 tarball, folder, or http url, or git url.
32 error System Darwin 14.1.0
33 error command "node" "/usr/local/bin/npm" "install" "passeport" "--save"
34 error cwd /Users/gabriel/tfa
35 error node -v v0.10.33
36 error npm -v 1.4.28
37 error code E404
38 verbose exit [ 1, true ]
